<?xml version="1.0" encoding="UTF-8"?>
<testng-results ignored="0" total="1" passed="1" failed="0" skipped="0">
  <reporter-output>
  </reporter-output>
  <suite started-at="2024-12-19T15:34:37 IST" name="Default suite" finished-at="2024-12-19T15:34:38 IST" duration-ms="113">
    <groups>
    </groups>
    <test started-at="2024-12-19T15:34:37 IST" name="Default test" finished-at="2024-12-19T15:34:38 IST" duration-ms="113">
      <class name="Tests.BaseClass">
        <test-method is-config="true" signature="setup()[pri:0, instance:Tests.BaseClass@5aa9e4eb]" started-at="2024-12-19T15:34:38 IST" name="setup" finished-at="2024-12-19T15:34:38 IST" duration-ms="39" status="PASS">
          <reporter-output>
          </reporter-output>
        </test-method> <!-- setup -->
        <test-method signature="testExample()[pri:0, instance:Tests.BaseClass@5aa9e4eb]" started-at="2024-12-19T15:34:38 IST" name="testExample" finished-at="2024-12-19T15:34:38 IST" duration-ms="10" status="PASS">
          <reporter-output>
          </reporter-output>
        </test-method> <!-- testExample -->
        <test-method is-config="true" signature="teardown()[pri:0, instance:Tests.BaseClass@5aa9e4eb]" started-at="2024-12-19T15:34:38 IST" name="teardown" finished-at="2024-12-19T15:34:38 IST" duration-ms="1" status="PASS">
          <reporter-output>
          </reporter-output>
        </test-method> <!-- teardown -->
      </class> <!-- Tests.BaseClass -->
    </test> <!-- Default test -->
  </suite> <!-- Default suite -->
</testng-results>
