<?xml version="1.0" encoding="UTF-8"?>
<testng-results ignored="0" total="1" passed="1" failed="0" skipped="0">
  <reporter-output>
  </reporter-output>
  <suite started-at="2024-11-22T18:20:23 IST" name="Default suite" finished-at="2024-11-22T18:20:26 IST" duration-ms="2873">
    <groups>
    </groups>
    <test started-at="2024-11-22T18:20:23 IST" name="Default test" finished-at="2024-11-22T18:20:26 IST" duration-ms="2873">
      <class name="com.ApiTest.TestsQuizAppWithAssertion">
        <test-method signature="test_2()[pri:0, instance:com.ApiTest.TestsQuizAppWithAssertion@7f0eb4b4]" started-at="2024-11-22T18:20:23 IST" name="test_2" finished-at="2024-11-22T18:20:26 IST" duration-ms="2814" status="PASS">
          <reporter-output>
          </reporter-output>
        </test-method> <!-- test_2 -->
      </class> <!-- com.ApiTest.TestsQuizAppWithAssertion -->
    </test> <!-- Default test -->
  </suite> <!-- Default suite -->
</testng-results>
