<?xml version="1.0" encoding="UTF-8"?>
<!-- Generated by org.testng.reporters.JUnitXMLReporter -->
<testsuite ignored="1" hostname="CPDK346" failures="0" tests="1" name="Default test" time="2.873" errors="0" timestamp="2024-11-22T18:20:26 IST">
  <testcase classname="com.ApiTest.TestsQuizAppWithAssertion" name="test_2" time="2.814"/>
  <testcase classname="com.ApiTest.TestsQuizAppWithAssertion" name="test_1" time="0.0">
    <ignored/>
  </testcase> <!-- test_1 -->
</testsuite> <!-- Default test -->
